<?xml version="1.0" encoding="UTF-8"?>
<testng-results ignored="0" total="1" passed="1" failed="0" skipped="0">
  <reporter-output>
  </reporter-output>
  <suite started-at="2024-04-26T10:59:48 IST" name="Surefire suite" finished-at="2024-04-26T11:00:09 IST" duration-ms="20983">
    <groups>
    </groups>
    <test started-at="2024-04-26T10:59:48 IST" name="Surefire test" finished-at="2024-04-26T11:00:09 IST" duration-ms="20983">
      <class name="com.skcet.AppTest">
        <test-method is-config="true" signature="befor()[pri:0, instance:com.skcet.AppTest@55ca8de8]" started-at="2024-04-26T10:59:48 IST" name="befor" finished-at="2024-04-26T10:59:49 IST" duration-ms="1536" status="PASS">
          <reporter-output>
          </reporter-output>
        </test-method> <!-- befor -->
        <test-method signature="shouldAnswerWithTrue()[pri:0, instance:com.skcet.AppTest@55ca8de8]" started-at="2024-04-26T10:59:49 IST" name="shouldAnswerWithTrue" finished-at="2024-04-26T11:00:09 IST" duration-ms="19414" status="PASS">
          <reporter-output>
          </reporter-output>
        </test-method> <!-- shouldAnswerWithTrue -->
      </class> <!-- com.skcet.AppTest -->
    </test> <!-- Surefire test -->
  </suite> <!-- Surefire suite -->
</testng-results>
