<?xml version="1.0" encoding="UTF-8"?>
<testng-results ignored="0" total="1" passed="1" failed="0" skipped="0">
  <reporter-output>
  </reporter-output>
  <suite started-at="2024-03-27T14:38:58 IST" name="Surefire suite" finished-at="2024-03-27T14:39:12 IST" duration-ms="14601">
    <groups>
    </groups>
    <test started-at="2024-03-27T14:38:58 IST" name="Surefire test" finished-at="2024-03-27T14:39:12 IST" duration-ms="14601">
      <class name="com.iamneo.testcases.LoginTest">
        <test-method is-config="true" signature="setUp()[pri:0, instance:com.iamneo.testcases.LoginTest@27ae2fd0]" started-at="2024-03-27T14:38:58 IST" name="setUp" finished-at="2024-03-27T14:38:59 IST" duration-ms="1367" status="PASS">
          <reporter-output>
          </reporter-output>
        </test-method> <!-- setUp -->
        <test-method signature="loginTest()[pri:0, instance:com.iamneo.testcases.LoginTest@27ae2fd0]" started-at="2024-03-27T14:38:59 IST" name="loginTest" finished-at="2024-03-27T14:39:12 IST" duration-ms="12899" status="PASS">
          <reporter-output>
          </reporter-output>
        </test-method> <!-- loginTest -->
        <test-method is-config="true" signature="close()[pri:0, instance:com.iamneo.testcases.LoginTest@27ae2fd0]" started-at="2024-03-27T14:39:12 IST" name="close" finished-at="2024-03-27T14:39:12 IST" duration-ms="298" status="PASS">
          <reporter-output>
          </reporter-output>
        </test-method> <!-- close -->
      </class> <!-- com.iamneo.testcases.LoginTest -->
    </test> <!-- Surefire test -->
  </suite> <!-- Surefire suite -->
</testng-results>
